<?xml version="1.0" encoding="UTF-8"?>
<testng-results ignored="0" total="125" passed="96" failed="29" skipped="0">
  <reporter-output>
  </reporter-output>
  <suite started-at="2022-10-10T19:29:28 ICT" name="Default suite" finished-at="2022-10-10T19:40:03 ICT" duration-ms="634649">
    <groups>
      <group name="cucumber">
        <method signature="AbstractTestNGCucumberTests.runScenario(io.cucumber.testng.PickleWrapper,io.cucumber.testng.FeatureWrapper)[pri:0, instance:cucumber.framework.runner.jcadmin.JCAdminRunner@1a677343]" name="runScenario" class="io.cucumber.testng.AbstractTestNGCucumberTests"/>
      </group> <!-- cucumber -->
    </groups>
    <test started-at="2022-10-10T19:29:28 ICT" name="Default test" finished-at="2022-10-10T19:40:03 ICT" duration-ms="634649">
      <class name="cucumber.framework.runner.jcadmin.JCAdminRunner">
        <test-method is-config="true" signature="setUpClass(org.testng.ITestContext)[pri:0, instance:cucumber.framework.runner.jcadmin.JCAdminRunner@1a677343]" started-at="2022-10-10T19:29:28 ICT" name="setUpClass" finished-at="2022-10-10T19:29:29 ICT" duration-ms="652" status="PASS">
          <params>
            <param index="0">
              <value>
                <![CDATA[org.testng.TestRunner@2f1e623b]]>
              </value>
            </param>
          </params>
          <reporter-output>
          </reporter-output>
        </test-method> <!-- setUpClass -->
        <test-method signature="runScenario(io.cucumber.testng.PickleWrapper,io.cucumber.testng.FeatureWrapper)[pri:0, instance:cucumber.framework.runner.jcadmin.JCAdminRunner@1a677343]" started-at="2022-10-10T19:29:29 ICT" name="runScenario" description="Runs Cucumber Scenarios" data-provider="scenarios" finished-at="2022-10-10T19:29:34 ICT" duration-ms="4742" status="PASS">
          <params>
            <param index="0">
              <value>
                <![CDATA["User valid login Outlinee"]]>
              </value>
            </param>
            <param index="1">
              <value>
                <![CDATA["Login Valid"]]>
              </value>
            </param>
          </params>
          <reporter-output>
          </reporter-output>
        </test-method> <!-- runScenario -->
        <test-method signature="runScenario(io.cucumber.testng.PickleWrapper,io.cucumber.testng.FeatureWrapper)[pri:0, instance:cucumber.framework.runner.jcadmin.JCAdminRunner@1a677343]" started-at="2022-10-10T19:29:34 ICT" name="runScenario" description="Runs Cucumber Scenarios" data-provider="scenarios" finished-at="2022-10-10T19:29:34 ICT" duration-ms="688" status="PASS">
          <params>
            <param index="0">
              <value>
                <![CDATA["User valid login uppercase user Outlinee"]]>
              </value>
            </param>
            <param index="1">
              <value>
                <![CDATA["Login Valid"]]>
              </value>
            </param>
          </params>
          <reporter-output>
          </reporter-output>
        </test-method> <!-- runScenario -->
        <test-method signature="runScenario(io.cucumber.testng.PickleWrapper,io.cucumber.testng.FeatureWrapper)[pri:0, instance:cucumber.framework.runner.jcadmin.JCAdminRunner@1a677343]" started-at="2022-10-10T19:29:34 ICT" name="runScenario" description="Runs Cucumber Scenarios" data-provider="scenarios" finished-at="2022-10-10T19:29:36 ICT" duration-ms="1098" status="PASS">
          <params>
            <param index="0">
              <value>
                <![CDATA["User valid login uppercase email Outlinee"]]>
              </value>
            </param>
            <param index="1">
              <value>
                <![CDATA["Login Valid"]]>
              </value>
            </param>
          </params>
          <reporter-output>
          </reporter-output>
        </test-method> <!-- runScenario -->
        <test-method signature="runScenario(io.cucumber.testng.PickleWrapper,io.cucumber.testng.FeatureWrapper)[pri:0, instance:cucumber.framework.runner.jcadmin.JCAdminRunner@1a677343]" started-at="2022-10-10T19:29:36 ICT" name="runScenario" description="Runs Cucumber Scenarios" data-provider="scenarios" finished-at="2022-10-10T19:29:36 ICT" duration-ms="537" status="PASS">
          <params>
            <param index="0">
              <value>
                <![CDATA["User valid login uppercase Outlinee"]]>
              </value>
            </param>
            <param index="1">
              <value>
                <![CDATA["Login Valid"]]>
              </value>
            </param>
          </params>
          <reporter-output>
          </reporter-output>
        </test-method> <!-- runScenario -->
        <test-method signature="runScenario(io.cucumber.testng.PickleWrapper,io.cucumber.testng.FeatureWrapper)[pri:0, instance:cucumber.framework.runner.jcadmin.JCAdminRunner@1a677343]" started-at="2022-10-10T19:29:36 ICT" name="runScenario" description="Runs Cucumber Scenarios" data-provider="scenarios" finished-at="2022-10-10T19:29:37 ICT" duration-ms="552" status="PASS">
          <params>
            <param index="0">
              <value>
                <![CDATA["User valid login upperlower case user Outlinee"]]>
              </value>
            </param>
            <param index="1">
              <value>
                <![CDATA["Login Valid"]]>
              </value>
            </param>
          </params>
          <reporter-output>
          </reporter-output>
        </test-method> <!-- runScenario -->
        <test-method signature="runScenario(io.cucumber.testng.PickleWrapper,io.cucumber.testng.FeatureWrapper)[pri:0, instance:cucumber.framework.runner.jcadmin.JCAdminRunner@1a677343]" started-at="2022-10-10T19:29:37 ICT" name="runScenario" description="Runs Cucumber Scenarios" data-provider="scenarios" finished-at="2022-10-10T19:29:37 ICT" duration-ms="541" status="PASS">
          <params>
            <param index="0">
              <value>
                <![CDATA["User valid login upperlower case email Outlinee"]]>
              </value>
            </param>
            <param index="1">
              <value>
                <![CDATA["Login Valid"]]>
              </value>
            </param>
          </params>
          <reporter-output>
          </reporter-output>
        </test-method> <!-- runScenario -->
        <test-method signature="runScenario(io.cucumber.testng.PickleWrapper,io.cucumber.testng.FeatureWrapper)[pri:0, instance:cucumber.framework.runner.jcadmin.JCAdminRunner@1a677343]" started-at="2022-10-10T19:29:37 ICT" name="runScenario" description="Runs Cucumber Scenarios" data-provider="scenarios" finished-at="2022-10-10T19:29:38 ICT" duration-ms="550" status="PASS">
          <params>
            <param index="0">
              <value>
                <![CDATA["User valid login upperlower case Outlinee"]]>
              </value>
            </param>
            <param index="1">
              <value>
                <![CDATA["Login Valid"]]>
              </value>
            </param>
          </params>
          <reporter-output>
          </reporter-output>
        </test-method> <!-- runScenario -->
        <test-method signature="runScenario(io.cucumber.testng.PickleWrapper,io.cucumber.testng.FeatureWrapper)[pri:0, instance:cucumber.framework.runner.jcadmin.JCAdminRunner@1a677343]" started-at="2022-10-10T19:29:38 ICT" name="runScenario" description="Runs Cucumber Scenarios" data-provider="scenarios" finished-at="2022-10-10T19:29:38 ICT" duration-ms="220" status="PASS">
          <params>
            <param index="0">
              <value>
                <![CDATA["Admin invalid login simpan"]]>
              </value>
            </param>
            <param index="1">
              <value>
                <![CDATA["Login Invalid"]]>
              </value>
            </param>
          </params>
          <reporter-output>
          </reporter-output>
        </test-method> <!-- runScenario -->
        <test-method signature="runScenario(io.cucumber.testng.PickleWrapper,io.cucumber.testng.FeatureWrapper)[pri:0, instance:cucumber.framework.runner.jcadmin.JCAdminRunner@1a677343]" started-at="2022-10-10T19:29:38 ICT" name="runScenario" description="Runs Cucumber Scenarios" data-provider="scenarios" finished-at="2022-10-10T19:29:38 ICT" duration-ms="279" status="PASS">
          <params>
            <param index="0">
              <value>
                <![CDATA["Admin invalid login klik submit"]]>
              </value>
            </param>
            <param index="1">
              <value>
                <![CDATA["Login Invalid"]]>
              </value>
            </param>
          </params>
          <reporter-output>
          </reporter-output>
        </test-method> <!-- runScenario -->
        <test-method signature="runScenario(io.cucumber.testng.PickleWrapper,io.cucumber.testng.FeatureWrapper)[pri:0, instance:cucumber.framework.runner.jcadmin.JCAdminRunner@1a677343]" started-at="2022-10-10T19:29:38 ICT" name="runScenario" description="Runs Cucumber Scenarios" data-provider="scenarios" finished-at="2022-10-10T19:29:39 ICT" duration-ms="274" status="PASS">
          <params>
            <param index="0">
              <value>
                <![CDATA["Admin invalid login input username"]]>
              </value>
            </param>
            <param index="1">
              <value>
                <![CDATA["Login Invalid"]]>
              </value>
            </param>
          </params>
          <reporter-output>
          </reporter-output>
        </test-method> <!-- runScenario -->
        <test-method signature="runScenario(io.cucumber.testng.PickleWrapper,io.cucumber.testng.FeatureWrapper)[pri:0, instance:cucumber.framework.runner.jcadmin.JCAdminRunner@1a677343]" started-at="2022-10-10T19:29:39 ICT" name="runScenario" description="Runs Cucumber Scenarios" data-provider="scenarios" finished-at="2022-10-10T19:29:39 ICT" duration-ms="250" status="PASS">
          <params>
            <param index="0">
              <value>
                <![CDATA["Admin invalid login input password"]]>
              </value>
            </param>
            <param index="1">
              <value>
                <![CDATA["Login Invalid"]]>
              </value>
            </param>
          </params>
          <reporter-output>
          </reporter-output>
        </test-method> <!-- runScenario -->
        <test-method signature="runScenario(io.cucumber.testng.PickleWrapper,io.cucumber.testng.FeatureWrapper)[pri:0, instance:cucumber.framework.runner.jcadmin.JCAdminRunner@1a677343]" started-at="2022-10-10T19:29:39 ICT" name="runScenario" description="Runs Cucumber Scenarios" data-provider="scenarios" finished-at="2022-10-10T19:29:39 ICT" duration-ms="396" status="PASS">
          <params>
            <param index="0">
              <value>
                <![CDATA["Admin invalid login input password uppercase"]]>
              </value>
            </param>
            <param index="1">
              <value>
                <![CDATA["Login Invalid"]]>
              </value>
            </param>
          </params>
          <reporter-output>
          </reporter-output>
        </test-method> <!-- runScenario -->
        <test-method signature="runScenario(io.cucumber.testng.PickleWrapper,io.cucumber.testng.FeatureWrapper)[pri:0, instance:cucumber.framework.runner.jcadmin.JCAdminRunner@1a677343]" started-at="2022-10-10T19:29:39 ICT" name="runScenario" description="Runs Cucumber Scenarios" data-provider="scenarios" finished-at="2022-10-10T19:29:40 ICT" duration-ms="406" status="PASS">
          <params>
            <param index="0">
              <value>
                <![CDATA["Admin invalid login upper"]]>
              </value>
            </param>
            <param index="1">
              <value>
                <![CDATA["Login Invalid"]]>
              </value>
            </param>
          </params>
          <reporter-output>
          </reporter-output>
        </test-method> <!-- runScenario -->
        <test-method signature="runScenario(io.cucumber.testng.PickleWrapper,io.cucumber.testng.FeatureWrapper)[pri:0, instance:cucumber.framework.runner.jcadmin.JCAdminRunner@1a677343]" started-at="2022-10-10T19:29:40 ICT" name="runScenario" description="Runs Cucumber Scenarios" data-provider="scenarios" finished-at="2022-10-10T19:29:40 ICT" duration-ms="371" status="PASS">
          <params>
            <param index="0">
              <value>
                <![CDATA["Admin invalid login input spasi"]]>
              </value>
            </param>
            <param index="1">
              <value>
                <![CDATA["Login Invalid"]]>
              </value>
            </param>
          </params>
          <reporter-output>
          </reporter-output>
        </test-method> <!-- runScenario -->
        <test-method signature="runScenario(io.cucumber.testng.PickleWrapper,io.cucumber.testng.FeatureWrapper)[pri:0, instance:cucumber.framework.runner.jcadmin.JCAdminRunner@1a677343]" started-at="2022-10-10T19:29:40 ICT" name="runScenario" description="Runs Cucumber Scenarios" data-provider="scenarios" finished-at="2022-10-10T19:29:41 ICT" duration-ms="1008" status="PASS">
          <params>
            <param index="0">
              <value>
                <![CDATA["Admin invalid login user tanpa format email"]]>
              </value>
            </param>
            <param index="1">
              <value>
                <![CDATA["Login Invalid"]]>
              </value>
            </param>
          </params>
          <reporter-output>
          </reporter-output>
        </test-method> <!-- runScenario -->
        <test-method signature="runScenario(io.cucumber.testng.PickleWrapper,io.cucumber.testng.FeatureWrapper)[pri:0, instance:cucumber.framework.runner.jcadmin.JCAdminRunner@1a677343]" started-at="2022-10-10T19:29:41 ICT" name="runScenario" description="Runs Cucumber Scenarios" data-provider="scenarios" finished-at="2022-10-10T19:29:50 ICT" duration-ms="9333" status="PASS">
          <params>
            <param index="0">
              <value>
                <![CDATA["Menambah daftar testimonial active"]]>
              </value>
            </param>
            <param index="1">
              <value>
                <![CDATA["Tambah Testimonial"]]>
              </value>
            </param>
          </params>
          <reporter-output>
          </reporter-output>
        </test-method> <!-- runScenario -->
        <test-method signature="runScenario(io.cucumber.testng.PickleWrapper,io.cucumber.testng.FeatureWrapper)[pri:0, instance:cucumber.framework.runner.jcadmin.JCAdminRunner@1a677343]" started-at="2022-10-10T19:29:50 ICT" name="runScenario" description="Runs Cucumber Scenarios" data-provider="scenarios" finished-at="2022-10-10T19:29:56 ICT" duration-ms="5220" status="PASS">
          <params>
            <param index="0">
              <value>
                <![CDATA["Menambah daftar testimonial active"]]>
              </value>
            </param>
            <param index="1">
              <value>
                <![CDATA["Tambah Testimonial"]]>
              </value>
            </param>
          </params>
          <reporter-output>
          </reporter-output>
        </test-method> <!-- runScenario -->
        <test-method signature="runScenario(io.cucumber.testng.PickleWrapper,io.cucumber.testng.FeatureWrapper)[pri:0, instance:cucumber.framework.runner.jcadmin.JCAdminRunner@1a677343]" started-at="2022-10-10T19:29:56 ICT" name="runScenario" description="Runs Cucumber Scenarios" data-provider="scenarios" finished-at="2022-10-10T19:29:59 ICT" duration-ms="3352" status="PASS">
          <params>
            <param index="0">
              <value>
                <![CDATA["Menambah daftar testimonial active"]]>
              </value>
            </param>
            <param index="1">
              <value>
                <![CDATA["Tambah Testimonial"]]>
              </value>
            </param>
          </params>
          <reporter-output>
          </reporter-output>
        </test-method> <!-- runScenario -->
        <test-method signature="runScenario(io.cucumber.testng.PickleWrapper,io.cucumber.testng.FeatureWrapper)[pri:0, instance:cucumber.framework.runner.jcadmin.JCAdminRunner@1a677343]" started-at="2022-10-10T19:29:59 ICT" name="runScenario" description="Runs Cucumber Scenarios" data-provider="scenarios" finished-at="2022-10-10T19:30:03 ICT" duration-ms="3957" status="PASS">
          <params>
            <param index="0">
              <value>
                <![CDATA["Menambah daftar testimonial active"]]>
              </value>
            </param>
            <param index="1">
              <value>
                <![CDATA["Tambah Testimonial"]]>
              </value>
            </param>
          </params>
          <reporter-output>
          </reporter-output>
        </test-method> <!-- runScenario -->
        <test-method signature="runScenario(io.cucumber.testng.PickleWrapper,io.cucumber.testng.FeatureWrapper)[pri:0, instance:cucumber.framework.runner.jcadmin.JCAdminRunner@1a677343]" started-at="2022-10-10T19:30:03 ICT" name="runScenario" description="Runs Cucumber Scenarios" data-provider="scenarios" finished-at="2022-10-10T19:30:06 ICT" duration-ms="3454" status="PASS">
          <params>
            <param index="0">
              <value>
                <![CDATA["Menambah daftar testimonial active"]]>
              </value>
            </param>
            <param index="1">
              <value>
                <![CDATA["Tambah Testimonial"]]>
              </value>
            </param>
          </params>
          <reporter-output>
          </reporter-output>
        </test-method> <!-- runScenario -->
        <test-method signature="runScenario(io.cucumber.testng.PickleWrapper,io.cucumber.testng.FeatureWrapper)[pri:0, instance:cucumber.framework.runner.jcadmin.JCAdminRunner@1a677343]" started-at="2022-10-10T19:30:06 ICT" name="runScenario" description="Runs Cucumber Scenarios" data-provider="scenarios" finished-at="2022-10-10T19:30:10 ICT" duration-ms="3352" status="PASS">
          <params>
            <param index="0">
              <value>
                <![CDATA["Menambah daftar testimonial active"]]>
              </value>
            </param>
            <param index="1">
              <value>
                <![CDATA["Tambah Testimonial"]]>
              </value>
            </param>
          </params>
          <reporter-output>
          </reporter-output>
        </test-method> <!-- runScenario -->
        <test-method signature="runScenario(io.cucumber.testng.PickleWrapper,io.cucumber.testng.FeatureWrapper)[pri:0, instance:cucumber.framework.runner.jcadmin.JCAdminRunner@1a677343]" started-at="2022-10-10T19:30:10 ICT" name="runScenario" description="Runs Cucumber Scenarios" data-provider="scenarios" finished-at="2022-10-10T19:30:13 ICT" duration-ms="3352" status="PASS">
          <params>
            <param index="0">
              <value>
                <![CDATA["Menambah daftar testimonial noactive"]]>
              </value>
            </param>
            <param index="1">
              <value>
                <![CDATA["Tambah Testimonial"]]>
              </value>
            </param>
          </params>
          <reporter-output>
          </reporter-output>
        </test-method> <!-- runScenario -->
        <test-method signature="runScenario(io.cucumber.testng.PickleWrapper,io.cucumber.testng.FeatureWrapper)[pri:0, instance:cucumber.framework.runner.jcadmin.JCAdminRunner@1a677343]" started-at="2022-10-10T19:30:13 ICT" name="runScenario" description="Runs Cucumber Scenarios" data-provider="scenarios" finished-at="2022-10-10T19:30:18 ICT" duration-ms="4495" status="PASS">
          <params>
            <param index="0">
              <value>
                <![CDATA["Menambah daftar testimonial noactive"]]>
              </value>
            </param>
            <param index="1">
              <value>
                <![CDATA["Tambah Testimonial"]]>
              </value>
            </param>
          </params>
          <reporter-output>
          </reporter-output>
        </test-method> <!-- runScenario -->
        <test-method signature="runScenario(io.cucumber.testng.PickleWrapper,io.cucumber.testng.FeatureWrapper)[pri:0, instance:cucumber.framework.runner.jcadmin.JCAdminRunner@1a677343]" started-at="2022-10-10T19:30:18 ICT" name="runScenario" description="Runs Cucumber Scenarios" data-provider="scenarios" finished-at="2022-10-10T19:30:21 ICT" duration-ms="3620" status="PASS">
          <params>
            <param index="0">
              <value>
                <![CDATA["Menambah daftar testimonial noactive"]]>
              </value>
            </param>
            <param index="1">
              <value>
                <![CDATA["Tambah Testimonial"]]>
              </value>
            </param>
          </params>
          <reporter-output>
          </reporter-output>
        </test-method> <!-- runScenario -->
        <test-method signature="runScenario(io.cucumber.testng.PickleWrapper,io.cucumber.testng.FeatureWrapper)[pri:0, instance:cucumber.framework.runner.jcadmin.JCAdminRunner@1a677343]" started-at="2022-10-10T19:30:21 ICT" name="runScenario" description="Runs Cucumber Scenarios" data-provider="scenarios" finished-at="2022-10-10T19:30:25 ICT" duration-ms="3572" status="PASS">
          <params>
            <param index="0">
              <value>
                <![CDATA["Menambah daftar testimonial noactive"]]>
              </value>
            </param>
            <param index="1">
              <value>
                <![CDATA["Tambah Testimonial"]]>
              </value>
            </param>
          </params>
          <reporter-output>
          </reporter-output>
        </test-method> <!-- runScenario -->
        <test-method signature="runScenario(io.cucumber.testng.PickleWrapper,io.cucumber.testng.FeatureWrapper)[pri:0, instance:cucumber.framework.runner.jcadmin.JCAdminRunner@1a677343]" started-at="2022-10-10T19:30:25 ICT" name="runScenario" description="Runs Cucumber Scenarios" data-provider="scenarios" finished-at="2022-10-10T19:30:28 ICT" duration-ms="3351" status="PASS">
          <params>
            <param index="0">
              <value>
                <![CDATA["Menambah daftar testimonial noactive"]]>
              </value>
            </param>
            <param index="1">
              <value>
                <![CDATA["Tambah Testimonial"]]>
              </value>
            </param>
          </params>
          <reporter-output>
          </reporter-output>
        </test-method> <!-- runScenario -->
        <test-method signature="runScenario(io.cucumber.testng.PickleWrapper,io.cucumber.testng.FeatureWrapper)[pri:0, instance:cucumber.framework.runner.jcadmin.JCAdminRunner@1a677343]" started-at="2022-10-10T19:30:28 ICT" name="runScenario" description="Runs Cucumber Scenarios" data-provider="scenarios" finished-at="2022-10-10T19:30:32 ICT" duration-ms="3796" status="PASS">
          <params>
            <param index="0">
              <value>
                <![CDATA["Menambah daftar testimonial noactive"]]>
              </value>
            </param>
            <param index="1">
              <value>
                <![CDATA["Tambah Testimonial"]]>
              </value>
            </param>
          </params>
          <reporter-output>
          </reporter-output>
        </test-method> <!-- runScenario -->
        <test-method signature="runScenario(io.cucumber.testng.PickleWrapper,io.cucumber.testng.FeatureWrapper)[pri:0, instance:cucumber.framework.runner.jcadmin.JCAdminRunner@1a677343]" started-at="2022-10-10T19:30:32 ICT" name="runScenario" description="Runs Cucumber Scenarios" data-provider="scenarios" finished-at="2022-10-10T19:30:36 ICT" duration-ms="4095" status="PASS">
          <params>
            <param index="0">
              <value>
                <![CDATA["Menambah daftar testimonial active format gambar"]]>
              </value>
            </param>
            <param index="1">
              <value>
                <![CDATA["Tambah Testimonial"]]>
              </value>
            </param>
          </params>
          <reporter-output>
          </reporter-output>
        </test-method> <!-- runScenario -->
        <test-method signature="runScenario(io.cucumber.testng.PickleWrapper,io.cucumber.testng.FeatureWrapper)[pri:0, instance:cucumber.framework.runner.jcadmin.JCAdminRunner@1a677343]" started-at="2022-10-10T19:30:36 ICT" name="runScenario" description="Runs Cucumber Scenarios" data-provider="scenarios" finished-at="2022-10-10T19:30:39 ICT" duration-ms="3308" status="PASS">
          <params>
            <param index="0">
              <value>
                <![CDATA["Menambah daftar testimonial active format gambar"]]>
              </value>
            </param>
            <param index="1">
              <value>
                <![CDATA["Tambah Testimonial"]]>
              </value>
            </param>
          </params>
          <reporter-output>
          </reporter-output>
        </test-method> <!-- runScenario -->
        <test-method signature="runScenario(io.cucumber.testng.PickleWrapper,io.cucumber.testng.FeatureWrapper)[pri:0, instance:cucumber.framework.runner.jcadmin.JCAdminRunner@1a677343]" started-at="2022-10-10T19:30:39 ICT" name="runScenario" description="Runs Cucumber Scenarios" data-provider="scenarios" finished-at="2022-10-10T19:30:43 ICT" duration-ms="3833" status="PASS">
          <params>
            <param index="0">
              <value>
                <![CDATA["Menambah daftar testimonial active format gambar"]]>
              </value>
            </param>
            <param index="1">
              <value>
                <![CDATA["Tambah Testimonial"]]>
              </value>
            </param>
          </params>
          <reporter-output>
          </reporter-output>
        </test-method> <!-- runScenario -->
        <test-method signature="runScenario(io.cucumber.testng.PickleWrapper,io.cucumber.testng.FeatureWrapper)[pri:0, instance:cucumber.framework.runner.jcadmin.JCAdminRunner@1a677343]" started-at="2022-10-10T19:30:43 ICT" name="runScenario" description="Runs Cucumber Scenarios" data-provider="scenarios" finished-at="2022-10-10T19:30:47 ICT" duration-ms="3930" status="PASS">
          <params>
            <param index="0">
              <value>
                <![CDATA["Menambah daftar testimonial active format gambar"]]>
              </value>
            </param>
            <param index="1">
              <value>
                <![CDATA["Tambah Testimonial"]]>
              </value>
            </param>
          </params>
          <reporter-output>
          </reporter-output>
        </test-method> <!-- runScenario -->
        <test-method signature="runScenario(io.cucumber.testng.PickleWrapper,io.cucumber.testng.FeatureWrapper)[pri:0, instance:cucumber.framework.runner.jcadmin.JCAdminRunner@1a677343]" started-at="2022-10-10T19:30:47 ICT" name="runScenario" description="Runs Cucumber Scenarios" data-provider="scenarios" finished-at="2022-10-10T19:30:50 ICT" duration-ms="3397" status="PASS">
          <params>
            <param index="0">
              <value>
                <![CDATA["Menambah daftar testimonial active format gambar"]]>
              </value>
            </param>
            <param index="1">
              <value>
                <![CDATA["Tambah Testimonial"]]>
              </value>
            </param>
          </params>
          <reporter-output>
          </reporter-output>
        </test-method> <!-- runScenario -->
        <test-method signature="runScenario(io.cucumber.testng.PickleWrapper,io.cucumber.testng.FeatureWrapper)[pri:0, instance:cucumber.framework.runner.jcadmin.JCAdminRunner@1a677343]" started-at="2022-10-10T19:30:50 ICT" name="runScenario" description="Runs Cucumber Scenarios" data-provider="scenarios" finished-at="2022-10-10T19:30:54 ICT" duration-ms="3549" status="PASS">
          <params>
            <param index="0">
              <value>
                <![CDATA["Menambah daftar testimonial active format gambar"]]>
              </value>
            </param>
            <param index="1">
              <value>
                <![CDATA["Tambah Testimonial"]]>
              </value>
            </param>
          </params>
          <reporter-output>
          </reporter-output>
        </test-method> <!-- runScenario -->
        <test-method signature="runScenario(io.cucumber.testng.PickleWrapper,io.cucumber.testng.FeatureWrapper)[pri:0, instance:cucumber.framework.runner.jcadmin.JCAdminRunner@1a677343]" started-at="2022-10-10T19:30:54 ICT" name="runScenario" description="Runs Cucumber Scenarios" data-provider="scenarios" finished-at="2022-10-10T19:30:58 ICT" duration-ms="3615" status="PASS">
          <params>
            <param index="0">
              <value>
                <![CDATA["Menambah testimonial no active format gambar"]]>
              </value>
            </param>
            <param index="1">
              <value>
                <![CDATA["Tambah Testimonial"]]>
              </value>
            </param>
          </params>
          <reporter-output>
          </reporter-output>
        </test-method> <!-- runScenario -->
        <test-method signature="runScenario(io.cucumber.testng.PickleWrapper,io.cucumber.testng.FeatureWrapper)[pri:0, instance:cucumber.framework.runner.jcadmin.JCAdminRunner@1a677343]" started-at="2022-10-10T19:30:58 ICT" name="runScenario" description="Runs Cucumber Scenarios" data-provider="scenarios" finished-at="2022-10-10T19:31:01 ICT" duration-ms="3654" status="PASS">
          <params>
            <param index="0">
              <value>
                <![CDATA["Menambah testimonial no active format gambar"]]>
              </value>
            </param>
            <param index="1">
              <value>
                <![CDATA["Tambah Testimonial"]]>
              </value>
            </param>
          </params>
          <reporter-output>
          </reporter-output>
        </test-method> <!-- runScenario -->
        <test-method signature="runScenario(io.cucumber.testng.PickleWrapper,io.cucumber.testng.FeatureWrapper)[pri:0, instance:cucumber.framework.runner.jcadmin.JCAdminRunner@1a677343]" started-at="2022-10-10T19:31:01 ICT" name="runScenario" description="Runs Cucumber Scenarios" data-provider="scenarios" finished-at="2022-10-10T19:31:05 ICT" duration-ms="3339" status="PASS">
          <params>
            <param index="0">
              <value>
                <![CDATA["Menambah testimonial no active format gambar"]]>
              </value>
            </param>
            <param index="1">
              <value>
                <![CDATA["Tambah Testimonial"]]>
              </value>
            </param>
          </params>
          <reporter-output>
          </reporter-output>
        </test-method> <!-- runScenario -->
        <test-method signature="runScenario(io.cucumber.testng.PickleWrapper,io.cucumber.testng.FeatureWrapper)[pri:0, instance:cucumber.framework.runner.jcadmin.JCAdminRunner@1a677343]" started-at="2022-10-10T19:31:05 ICT" name="runScenario" description="Runs Cucumber Scenarios" data-provider="scenarios" finished-at="2022-10-10T19:31:08 ICT" duration-ms="3224" status="PASS">
          <params>
            <param index="0">
              <value>
                <![CDATA["Menambah testimonial no active format gambar"]]>
              </value>
            </param>
            <param index="1">
              <value>
                <![CDATA["Tambah Testimonial"]]>
              </value>
            </param>
          </params>
          <reporter-output>
          </reporter-output>
        </test-method> <!-- runScenario -->
        <test-method signature="runScenario(io.cucumber.testng.PickleWrapper,io.cucumber.testng.FeatureWrapper)[pri:0, instance:cucumber.framework.runner.jcadmin.JCAdminRunner@1a677343]" started-at="2022-10-10T19:31:08 ICT" name="runScenario" description="Runs Cucumber Scenarios" data-provider="scenarios" finished-at="2022-10-10T19:31:12 ICT" duration-ms="3897" status="PASS">
          <params>
            <param index="0">
              <value>
                <![CDATA["Menambah testimonial no active format gambar"]]>
              </value>
            </param>
            <param index="1">
              <value>
                <![CDATA["Tambah Testimonial"]]>
              </value>
            </param>
          </params>
          <reporter-output>
          </reporter-output>
        </test-method> <!-- runScenario -->
        <test-method signature="runScenario(io.cucumber.testng.PickleWrapper,io.cucumber.testng.FeatureWrapper)[pri:0, instance:cucumber.framework.runner.jcadmin.JCAdminRunner@1a677343]" started-at="2022-10-10T19:31:12 ICT" name="runScenario" description="Runs Cucumber Scenarios" data-provider="scenarios" finished-at="2022-10-10T19:31:15 ICT" duration-ms="3365" status="PASS">
          <params>
            <param index="0">
              <value>
                <![CDATA["Menambah testimonial no active format gambar"]]>
              </value>
            </param>
            <param index="1">
              <value>
                <![CDATA["Tambah Testimonial"]]>
              </value>
            </param>
          </params>
          <reporter-output>
          </reporter-output>
        </test-method> <!-- runScenario -->
        <test-method signature="runScenario(io.cucumber.testng.PickleWrapper,io.cucumber.testng.FeatureWrapper)[pri:0, instance:cucumber.framework.runner.jcadmin.JCAdminRunner@1a677343]" started-at="2022-10-10T19:31:15 ICT" name="runScenario" description="Runs Cucumber Scenarios" data-provider="scenarios" finished-at="2022-10-10T19:31:19 ICT" duration-ms="3458" status="PASS">
          <params>
            <param index="0">
              <value>
                <![CDATA["Menambah testi active karakter beda"]]>
              </value>
            </param>
            <param index="1">
              <value>
                <![CDATA["Tambah Testimonial"]]>
              </value>
            </param>
          </params>
          <reporter-output>
          </reporter-output>
        </test-method> <!-- runScenario -->
        <test-method signature="runScenario(io.cucumber.testng.PickleWrapper,io.cucumber.testng.FeatureWrapper)[pri:0, instance:cucumber.framework.runner.jcadmin.JCAdminRunner@1a677343]" started-at="2022-10-10T19:31:19 ICT" name="runScenario" description="Runs Cucumber Scenarios" data-provider="scenarios" finished-at="2022-10-10T19:31:22 ICT" duration-ms="3245" status="PASS">
          <params>
            <param index="0">
              <value>
                <![CDATA["Menambah testi active karakter beda"]]>
              </value>
            </param>
            <param index="1">
              <value>
                <![CDATA["Tambah Testimonial"]]>
              </value>
            </param>
          </params>
          <reporter-output>
          </reporter-output>
        </test-method> <!-- runScenario -->
        <test-method signature="runScenario(io.cucumber.testng.PickleWrapper,io.cucumber.testng.FeatureWrapper)[pri:0, instance:cucumber.framework.runner.jcadmin.JCAdminRunner@1a677343]" started-at="2022-10-10T19:31:22 ICT" name="runScenario" description="Runs Cucumber Scenarios" data-provider="scenarios" finished-at="2022-10-10T19:31:25 ICT" duration-ms="3325" status="PASS">
          <params>
            <param index="0">
              <value>
                <![CDATA["Menambah testi active karakter beda"]]>
              </value>
            </param>
            <param index="1">
              <value>
                <![CDATA["Tambah Testimonial"]]>
              </value>
            </param>
          </params>
          <reporter-output>
          </reporter-output>
        </test-method> <!-- runScenario -->
        <test-method signature="runScenario(io.cucumber.testng.PickleWrapper,io.cucumber.testng.FeatureWrapper)[pri:0, instance:cucumber.framework.runner.jcadmin.JCAdminRunner@1a677343]" started-at="2022-10-10T19:31:25 ICT" name="runScenario" description="Runs Cucumber Scenarios" data-provider="scenarios" finished-at="2022-10-10T19:31:28 ICT" duration-ms="3337" status="PASS">
          <params>
            <param index="0">
              <value>
                <![CDATA["Menambah testi active karakter beda"]]>
              </value>
            </param>
            <param index="1">
              <value>
                <![CDATA["Tambah Testimonial"]]>
              </value>
            </param>
          </params>
          <reporter-output>
          </reporter-output>
        </test-method> <!-- runScenario -->
        <test-method signature="runScenario(io.cucumber.testng.PickleWrapper,io.cucumber.testng.FeatureWrapper)[pri:0, instance:cucumber.framework.runner.jcadmin.JCAdminRunner@1a677343]" started-at="2022-10-10T19:31:28 ICT" name="runScenario" description="Runs Cucumber Scenarios" data-provider="scenarios" finished-at="2022-10-10T19:31:32 ICT" duration-ms="3286" status="PASS">
          <params>
            <param index="0">
              <value>
                <![CDATA["Menambah testi active karakter beda"]]>
              </value>
            </param>
            <param index="1">
              <value>
                <![CDATA["Tambah Testimonial"]]>
              </value>
            </param>
          </params>
          <reporter-output>
          </reporter-output>
        </test-method> <!-- runScenario -->
        <test-method signature="runScenario(io.cucumber.testng.PickleWrapper,io.cucumber.testng.FeatureWrapper)[pri:0, instance:cucumber.framework.runner.jcadmin.JCAdminRunner@1a677343]" started-at="2022-10-10T19:31:32 ICT" name="runScenario" description="Runs Cucumber Scenarios" data-provider="scenarios" finished-at="2022-10-10T19:31:35 ICT" duration-ms="3387" status="PASS">
          <params>
            <param index="0">
              <value>
                <![CDATA["Menambah testi active karakter beda"]]>
              </value>
            </param>
            <param index="1">
              <value>
                <![CDATA["Tambah Testimonial"]]>
              </value>
            </param>
          </params>
          <reporter-output>
          </reporter-output>
        </test-method> <!-- runScenario -->
        <test-method signature="runScenario(io.cucumber.testng.PickleWrapper,io.cucumber.testng.FeatureWrapper)[pri:0, instance:cucumber.framework.runner.jcadmin.JCAdminRunner@1a677343]" started-at="2022-10-10T19:31:35 ICT" name="runScenario" description="Runs Cucumber Scenarios" data-provider="scenarios" finished-at="2022-10-10T19:31:38 ICT" duration-ms="3244" status="PASS">
          <params>
            <param index="0">
              <value>
                <![CDATA["Menambah testi no active format karakter beda"]]>
              </value>
            </param>
            <param index="1">
              <value>
                <![CDATA["Tambah Testimonial"]]>
              </value>
            </param>
          </params>
          <reporter-output>
          </reporter-output>
        </test-method> <!-- runScenario -->
        <test-method signature="runScenario(io.cucumber.testng.PickleWrapper,io.cucumber.testng.FeatureWrapper)[pri:0, instance:cucumber.framework.runner.jcadmin.JCAdminRunner@1a677343]" started-at="2022-10-10T19:31:38 ICT" name="runScenario" description="Runs Cucumber Scenarios" data-provider="scenarios" finished-at="2022-10-10T19:31:42 ICT" duration-ms="3831" status="PASS">
          <params>
            <param index="0">
              <value>
                <![CDATA["Menambah testi no active format karakter beda"]]>
              </value>
            </param>
            <param index="1">
              <value>
                <![CDATA["Tambah Testimonial"]]>
              </value>
            </param>
          </params>
          <reporter-output>
          </reporter-output>
        </test-method> <!-- runScenario -->
        <test-method signature="runScenario(io.cucumber.testng.PickleWrapper,io.cucumber.testng.FeatureWrapper)[pri:0, instance:cucumber.framework.runner.jcadmin.JCAdminRunner@1a677343]" started-at="2022-10-10T19:31:42 ICT" name="runScenario" description="Runs Cucumber Scenarios" data-provider="scenarios" finished-at="2022-10-10T19:31:46 ICT" duration-ms="3315" status="PASS">
          <params>
            <param index="0">
              <value>
                <![CDATA["Menambah testi no active format karakter beda"]]>
              </value>
            </param>
            <param index="1">
              <value>
                <![CDATA["Tambah Testimonial"]]>
              </value>
            </param>
          </params>
          <reporter-output>
          </reporter-output>
        </test-method> <!-- runScenario -->
        <test-method signature="runScenario(io.cucumber.testng.PickleWrapper,io.cucumber.testng.FeatureWrapper)[pri:0, instance:cucumber.framework.runner.jcadmin.JCAdminRunner@1a677343]" started-at="2022-10-10T19:31:46 ICT" name="runScenario" description="Runs Cucumber Scenarios" data-provider="scenarios" finished-at="2022-10-10T19:31:49 ICT" duration-ms="3468" status="PASS">
          <params>
            <param index="0">
              <value>
                <![CDATA["Menambah testi no active format karakter beda"]]>
              </value>
            </param>
            <param index="1">
              <value>
                <![CDATA["Tambah Testimonial"]]>
              </value>
            </param>
          </params>
          <reporter-output>
          </reporter-output>
        </test-method> <!-- runScenario -->
        <test-method signature="runScenario(io.cucumber.testng.PickleWrapper,io.cucumber.testng.FeatureWrapper)[pri:0, instance:cucumber.framework.runner.jcadmin.JCAdminRunner@1a677343]" started-at="2022-10-10T19:31:49 ICT" name="runScenario" description="Runs Cucumber Scenarios" data-provider="scenarios" finished-at="2022-10-10T19:31:56 ICT" duration-ms="7263" status="PASS">
          <params>
            <param index="0">
              <value>
                <![CDATA["Menambah testi no active format karakter beda"]]>
              </value>
            </param>
            <param index="1">
              <value>
                <![CDATA["Tambah Testimonial"]]>
              </value>
            </param>
          </params>
          <reporter-output>
          </reporter-output>
        </test-method> <!-- runScenario -->
        <test-method signature="runScenario(io.cucumber.testng.PickleWrapper,io.cucumber.testng.FeatureWrapper)[pri:0, instance:cucumber.framework.runner.jcadmin.JCAdminRunner@1a677343]" started-at="2022-10-10T19:31:56 ICT" name="runScenario" description="Runs Cucumber Scenarios" data-provider="scenarios" finished-at="2022-10-10T19:31:59 ICT" duration-ms="3245" status="PASS">
          <params>
            <param index="0">
              <value>
                <![CDATA["Menambah testi no active format karakter beda"]]>
              </value>
            </param>
            <param index="1">
              <value>
                <![CDATA["Tambah Testimonial"]]>
              </value>
            </param>
          </params>
          <reporter-output>
          </reporter-output>
        </test-method> <!-- runScenario -->
        <test-method signature="runScenario(io.cucumber.testng.PickleWrapper,io.cucumber.testng.FeatureWrapper)[pri:0, instance:cucumber.framework.runner.jcadmin.JCAdminRunner@1a677343]" started-at="2022-10-10T19:31:59 ICT" name="runScenario" description="Runs Cucumber Scenarios" data-provider="scenarios" finished-at="2022-10-10T19:32:05 ICT" duration-ms="5241" status="PASS">
          <params>
            <param index="0">
              <value>
                <![CDATA["Menambah daftar negative testimonial active"]]>
              </value>
            </param>
            <param index="1">
              <value>
                <![CDATA["Tambah Testimonial Negative"]]>
              </value>
            </param>
          </params>
          <reporter-output>
          </reporter-output>
        </test-method> <!-- runScenario -->
        <test-method signature="runScenario(io.cucumber.testng.PickleWrapper,io.cucumber.testng.FeatureWrapper)[pri:0, instance:cucumber.framework.runner.jcadmin.JCAdminRunner@1a677343]" started-at="2022-10-10T19:32:05 ICT" name="runScenario" description="Runs Cucumber Scenarios" data-provider="scenarios" finished-at="2022-10-10T19:32:08 ICT" duration-ms="3295" status="PASS">
          <params>
            <param index="0">
              <value>
                <![CDATA["Menambah daftar negative testimonial active"]]>
              </value>
            </param>
            <param index="1">
              <value>
                <![CDATA["Tambah Testimonial Negative"]]>
              </value>
            </param>
          </params>
          <reporter-output>
          </reporter-output>
        </test-method> <!-- runScenario -->
        <test-method signature="runScenario(io.cucumber.testng.PickleWrapper,io.cucumber.testng.FeatureWrapper)[pri:0, instance:cucumber.framework.runner.jcadmin.JCAdminRunner@1a677343]" started-at="2022-10-10T19:32:08 ICT" name="runScenario" description="Runs Cucumber Scenarios" data-provider="scenarios" finished-at="2022-10-10T19:32:14 ICT" duration-ms="6197" status="PASS">
          <params>
            <param index="0">
              <value>
                <![CDATA["Menambah daftar negative testimonial active"]]>
              </value>
            </param>
            <param index="1">
              <value>
                <![CDATA["Tambah Testimonial Negative"]]>
              </value>
            </param>
          </params>
          <reporter-output>
          </reporter-output>
        </test-method> <!-- runScenario -->
        <test-method signature="runScenario(io.cucumber.testng.PickleWrapper,io.cucumber.testng.FeatureWrapper)[pri:0, instance:cucumber.framework.runner.jcadmin.JCAdminRunner@1a677343]" started-at="2022-10-10T19:32:14 ICT" name="runScenario" description="Runs Cucumber Scenarios" data-provider="scenarios" finished-at="2022-10-10T19:32:18 ICT" duration-ms="3299" status="PASS">
          <params>
            <param index="0">
              <value>
                <![CDATA["Menambah daftar negative testimonial active"]]>
              </value>
            </param>
            <param index="1">
              <value>
                <![CDATA["Tambah Testimonial Negative"]]>
              </value>
            </param>
          </params>
          <reporter-output>
          </reporter-output>
        </test-method> <!-- runScenario -->
        <test-method signature="runScenario(io.cucumber.testng.PickleWrapper,io.cucumber.testng.FeatureWrapper)[pri:0, instance:cucumber.framework.runner.jcadmin.JCAdminRunner@1a677343]" started-at="2022-10-10T19:32:18 ICT" name="runScenario" description="Runs Cucumber Scenarios" data-provider="scenarios" finished-at="2022-10-10T19:32:21 ICT" duration-ms="3548" status="PASS">
          <params>
            <param index="0">
              <value>
                <![CDATA["Menambah daftar negative testimonial active"]]>
              </value>
            </param>
            <param index="1">
              <value>
                <![CDATA["Tambah Testimonial Negative"]]>
              </value>
            </param>
          </params>
          <reporter-output>
          </reporter-output>
        </test-method> <!-- runScenario -->
        <test-method signature="runScenario(io.cucumber.testng.PickleWrapper,io.cucumber.testng.FeatureWrapper)[pri:0, instance:cucumber.framework.runner.jcadmin.JCAdminRunner@1a677343]" started-at="2022-10-10T19:32:21 ICT" name="runScenario" description="Runs Cucumber Scenarios" data-provider="scenarios" finished-at="2022-10-10T19:32:27 ICT" duration-ms="5654" status="PASS">
          <params>
            <param index="0">
              <value>
                <![CDATA["Menambah daftar negative testimonial active"]]>
              </value>
            </param>
            <param index="1">
              <value>
                <![CDATA["Tambah Testimonial Negative"]]>
              </value>
            </param>
          </params>
          <reporter-output>
          </reporter-output>
        </test-method> <!-- runScenario -->
        <test-method signature="runScenario(io.cucumber.testng.PickleWrapper,io.cucumber.testng.FeatureWrapper)[pri:0, instance:cucumber.framework.runner.jcadmin.JCAdminRunner@1a677343]" started-at="2022-10-10T19:32:27 ICT" name="runScenario" description="Runs Cucumber Scenarios" data-provider="scenarios" finished-at="2022-10-10T19:32:30 ICT" duration-ms="3448" status="PASS">
          <params>
            <param index="0">
              <value>
                <![CDATA["Menambah daftar negative testimonial no active"]]>
              </value>
            </param>
            <param index="1">
              <value>
                <![CDATA["Tambah Testimonial Negative"]]>
              </value>
            </param>
          </params>
          <reporter-output>
          </reporter-output>
        </test-method> <!-- runScenario -->
        <test-method signature="runScenario(io.cucumber.testng.PickleWrapper,io.cucumber.testng.FeatureWrapper)[pri:0, instance:cucumber.framework.runner.jcadmin.JCAdminRunner@1a677343]" started-at="2022-10-10T19:32:30 ICT" name="runScenario" description="Runs Cucumber Scenarios" data-provider="scenarios" finished-at="2022-10-10T19:32:37 ICT" duration-ms="6741" status="PASS">
          <params>
            <param index="0">
              <value>
                <![CDATA["Menambah daftar negative testimonial no active"]]>
              </value>
            </param>
            <param index="1">
              <value>
                <![CDATA["Tambah Testimonial Negative"]]>
              </value>
            </param>
          </params>
          <reporter-output>
          </reporter-output>
        </test-method> <!-- runScenario -->
        <test-method signature="runScenario(io.cucumber.testng.PickleWrapper,io.cucumber.testng.FeatureWrapper)[pri:0, instance:cucumber.framework.runner.jcadmin.JCAdminRunner@1a677343]" started-at="2022-10-10T19:32:37 ICT" name="runScenario" description="Runs Cucumber Scenarios" data-provider="scenarios" finished-at="2022-10-10T19:32:40 ICT" duration-ms="3505" status="PASS">
          <params>
            <param index="0">
              <value>
                <![CDATA["Menambah daftar negative testimonial no active"]]>
              </value>
            </param>
            <param index="1">
              <value>
                <![CDATA["Tambah Testimonial Negative"]]>
              </value>
            </param>
          </params>
          <reporter-output>
          </reporter-output>
        </test-method> <!-- runScenario -->
        <test-method signature="runScenario(io.cucumber.testng.PickleWrapper,io.cucumber.testng.FeatureWrapper)[pri:0, instance:cucumber.framework.runner.jcadmin.JCAdminRunner@1a677343]" started-at="2022-10-10T19:32:40 ICT" name="runScenario" description="Runs Cucumber Scenarios" data-provider="scenarios" finished-at="2022-10-10T19:32:46 ICT" duration-ms="5686" status="PASS">
          <params>
            <param index="0">
              <value>
                <![CDATA["Menambah daftar negative testimonial no active"]]>
              </value>
            </param>
            <param index="1">
              <value>
                <![CDATA["Tambah Testimonial Negative"]]>
              </value>
            </param>
          </params>
          <reporter-output>
          </reporter-output>
        </test-method> <!-- runScenario -->
        <test-method signature="runScenario(io.cucumber.testng.PickleWrapper,io.cucumber.testng.FeatureWrapper)[pri:0, instance:cucumber.framework.runner.jcadmin.JCAdminRunner@1a677343]" started-at="2022-10-10T19:32:46 ICT" name="runScenario" description="Runs Cucumber Scenarios" data-provider="scenarios" finished-at="2022-10-10T19:32:51 ICT" duration-ms="4583" status="PASS">
          <params>
            <param index="0">
              <value>
                <![CDATA["Menambah daftar negative testimonial no active"]]>
              </value>
            </param>
            <param index="1">
              <value>
                <![CDATA["Tambah Testimonial Negative"]]>
              </value>
            </param>
          </params>
          <reporter-output>
          </reporter-output>
        </test-method> <!-- runScenario -->
        <test-method signature="runScenario(io.cucumber.testng.PickleWrapper,io.cucumber.testng.FeatureWrapper)[pri:0, instance:cucumber.framework.runner.jcadmin.JCAdminRunner@1a677343]" started-at="2022-10-10T19:32:51 ICT" name="runScenario" description="Runs Cucumber Scenarios" data-provider="scenarios" finished-at="2022-10-10T19:32:56 ICT" duration-ms="4992" status="PASS">
          <params>
            <param index="0">
              <value>
                <![CDATA["Menambah daftar negative testimonial no active"]]>
              </value>
            </param>
            <param index="1">
              <value>
                <![CDATA["Tambah Testimonial Negative"]]>
              </value>
            </param>
          </params>
          <reporter-output>
          </reporter-output>
        </test-method> <!-- runScenario -->
        <test-method signature="runScenario(io.cucumber.testng.PickleWrapper,io.cucumber.testng.FeatureWrapper)[pri:0, instance:cucumber.framework.runner.jcadmin.JCAdminRunner@1a677343]" started-at="2022-10-10T19:32:56 ICT" name="runScenario" description="Runs Cucumber Scenarios" data-provider="scenarios" finished-at="2022-10-10T19:32:59 ICT" duration-ms="3344" status="PASS">
          <params>
            <param index="0">
              <value>
                <![CDATA["Menambah daftar negative testimonial kosong isi active"]]>
              </value>
            </param>
            <param index="1">
              <value>
                <![CDATA["Tambah Testimonial Negative"]]>
              </value>
            </param>
          </params>
          <reporter-output>
          </reporter-output>
        </test-method> <!-- runScenario -->
        <test-method signature="runScenario(io.cucumber.testng.PickleWrapper,io.cucumber.testng.FeatureWrapper)[pri:0, instance:cucumber.framework.runner.jcadmin.JCAdminRunner@1a677343]" started-at="2022-10-10T19:32:59 ICT" name="runScenario" description="Runs Cucumber Scenarios" data-provider="scenarios" finished-at="2022-10-10T19:33:02 ICT" duration-ms="3233" status="PASS">
          <params>
            <param index="0">
              <value>
                <![CDATA["Menambah daftar negative testimonial kosong isi active"]]>
              </value>
            </param>
            <param index="1">
              <value>
                <![CDATA["Tambah Testimonial Negative"]]>
              </value>
            </param>
          </params>
          <reporter-output>
          </reporter-output>
        </test-method> <!-- runScenario -->
        <test-method signature="runScenario(io.cucumber.testng.PickleWrapper,io.cucumber.testng.FeatureWrapper)[pri:0, instance:cucumber.framework.runner.jcadmin.JCAdminRunner@1a677343]" started-at="2022-10-10T19:33:02 ICT" name="runScenario" description="Runs Cucumber Scenarios" data-provider="scenarios" finished-at="2022-10-10T19:33:06 ICT" duration-ms="3283" status="PASS">
          <params>
            <param index="0">
              <value>
                <![CDATA["Menambah daftar negative testimonial kosong isi active"]]>
              </value>
            </param>
            <param index="1">
              <value>
                <![CDATA["Tambah Testimonial Negative"]]>
              </value>
            </param>
          </params>
          <reporter-output>
          </reporter-output>
        </test-method> <!-- runScenario -->
        <test-method signature="runScenario(io.cucumber.testng.PickleWrapper,io.cucumber.testng.FeatureWrapper)[pri:0, instance:cucumber.framework.runner.jcadmin.JCAdminRunner@1a677343]" started-at="2022-10-10T19:33:06 ICT" name="runScenario" description="Runs Cucumber Scenarios" data-provider="scenarios" finished-at="2022-10-10T19:33:09 ICT" duration-ms="3327" status="PASS">
          <params>
            <param index="0">
              <value>
                <![CDATA["Menambah daftar negative testimonial kosong isi active"]]>
              </value>
            </param>
            <param index="1">
              <value>
                <![CDATA["Tambah Testimonial Negative"]]>
              </value>
            </param>
          </params>
          <reporter-output>
          </reporter-output>
        </test-method> <!-- runScenario -->
        <test-method signature="runScenario(io.cucumber.testng.PickleWrapper,io.cucumber.testng.FeatureWrapper)[pri:0, instance:cucumber.framework.runner.jcadmin.JCAdminRunner@1a677343]" started-at="2022-10-10T19:33:09 ICT" name="runScenario" description="Runs Cucumber Scenarios" data-provider="scenarios" finished-at="2022-10-10T19:33:13 ICT" duration-ms="4438" status="PASS">
          <params>
            <param index="0">
              <value>
                <![CDATA["Menambah daftar negative testimonial kosong isi active"]]>
              </value>
            </param>
            <param index="1">
              <value>
                <![CDATA["Tambah Testimonial Negative"]]>
              </value>
            </param>
          </params>
          <reporter-output>
          </reporter-output>
        </test-method> <!-- runScenario -->
        <test-method signature="runScenario(io.cucumber.testng.PickleWrapper,io.cucumber.testng.FeatureWrapper)[pri:0, instance:cucumber.framework.runner.jcadmin.JCAdminRunner@1a677343]" started-at="2022-10-10T19:33:13 ICT" name="runScenario" description="Runs Cucumber Scenarios" data-provider="scenarios" finished-at="2022-10-10T19:33:17 ICT" duration-ms="3273" status="PASS">
          <params>
            <param index="0">
              <value>
                <![CDATA["Menambah daftar negative testimonial kosong isi active"]]>
              </value>
            </param>
            <param index="1">
              <value>
                <![CDATA["Tambah Testimonial Negative"]]>
              </value>
            </param>
          </params>
          <reporter-output>
          </reporter-output>
        </test-method> <!-- runScenario -->
        <test-method signature="runScenario(io.cucumber.testng.PickleWrapper,io.cucumber.testng.FeatureWrapper)[pri:0, instance:cucumber.framework.runner.jcadmin.JCAdminRunner@1a677343]" started-at="2022-10-10T19:33:17 ICT" name="runScenario" description="Runs Cucumber Scenarios" data-provider="scenarios" finished-at="2022-10-10T19:33:20 ICT" duration-ms="3366" status="PASS">
          <params>
            <param index="0">
              <value>
                <![CDATA["Menambah daftar negative testimonial kosong isi no active"]]>
              </value>
            </param>
            <param index="1">
              <value>
                <![CDATA["Tambah Testimonial Negative"]]>
              </value>
            </param>
          </params>
          <reporter-output>
          </reporter-output>
        </test-method> <!-- runScenario -->
        <test-method signature="runScenario(io.cucumber.testng.PickleWrapper,io.cucumber.testng.FeatureWrapper)[pri:0, instance:cucumber.framework.runner.jcadmin.JCAdminRunner@1a677343]" started-at="2022-10-10T19:33:20 ICT" name="runScenario" description="Runs Cucumber Scenarios" data-provider="scenarios" finished-at="2022-10-10T19:33:23 ICT" duration-ms="3359" status="PASS">
          <params>
            <param index="0">
              <value>
                <![CDATA["Menambah daftar negative testimonial kosong isi no active"]]>
              </value>
            </param>
            <param index="1">
              <value>
                <![CDATA["Tambah Testimonial Negative"]]>
              </value>
            </param>
          </params>
          <reporter-output>
          </reporter-output>
        </test-method> <!-- runScenario -->
        <test-method signature="runScenario(io.cucumber.testng.PickleWrapper,io.cucumber.testng.FeatureWrapper)[pri:0, instance:cucumber.framework.runner.jcadmin.JCAdminRunner@1a677343]" started-at="2022-10-10T19:33:23 ICT" name="runScenario" description="Runs Cucumber Scenarios" data-provider="scenarios" finished-at="2022-10-10T19:33:28 ICT" duration-ms="4186" status="PASS">
          <params>
            <param index="0">
              <value>
                <![CDATA["Menambah daftar negative testimonial kosong isi no active"]]>
              </value>
            </param>
            <param index="1">
              <value>
                <![CDATA["Tambah Testimonial Negative"]]>
              </value>
            </param>
          </params>
          <reporter-output>
          </reporter-output>
        </test-method> <!-- runScenario -->
        <test-method signature="runScenario(io.cucumber.testng.PickleWrapper,io.cucumber.testng.FeatureWrapper)[pri:0, instance:cucumber.framework.runner.jcadmin.JCAdminRunner@1a677343]" started-at="2022-10-10T19:33:28 ICT" name="runScenario" description="Runs Cucumber Scenarios" data-provider="scenarios" finished-at="2022-10-10T19:33:31 ICT" duration-ms="3682" status="PASS">
          <params>
            <param index="0">
              <value>
                <![CDATA["Menambah daftar negative testimonial kosong isi no active"]]>
              </value>
            </param>
            <param index="1">
              <value>
                <![CDATA["Tambah Testimonial Negative"]]>
              </value>
            </param>
          </params>
          <reporter-output>
          </reporter-output>
        </test-method> <!-- runScenario -->
        <test-method signature="runScenario(io.cucumber.testng.PickleWrapper,io.cucumber.testng.FeatureWrapper)[pri:0, instance:cucumber.framework.runner.jcadmin.JCAdminRunner@1a677343]" started-at="2022-10-10T19:33:31 ICT" name="runScenario" description="Runs Cucumber Scenarios" data-provider="scenarios" finished-at="2022-10-10T19:33:35 ICT" duration-ms="3880" status="PASS">
          <params>
            <param index="0">
              <value>
                <![CDATA["Menambah daftar negative testimonial kosong isi no active"]]>
              </value>
            </param>
            <param index="1">
              <value>
                <![CDATA["Tambah Testimonial Negative"]]>
              </value>
            </param>
          </params>
          <reporter-output>
          </reporter-output>
        </test-method> <!-- runScenario -->
        <test-method signature="runScenario(io.cucumber.testng.PickleWrapper,io.cucumber.testng.FeatureWrapper)[pri:0, instance:cucumber.framework.runner.jcadmin.JCAdminRunner@1a677343]" started-at="2022-10-10T19:33:35 ICT" name="runScenario" description="Runs Cucumber Scenarios" data-provider="scenarios" finished-at="2022-10-10T19:33:38 ICT" duration-ms="3377" status="PASS">
          <params>
            <param index="0">
              <value>
                <![CDATA["Menambah daftar negative testimonial kosong isi no active"]]>
              </value>
            </param>
            <param index="1">
              <value>
                <![CDATA["Tambah Testimonial Negative"]]>
              </value>
            </param>
          </params>
          <reporter-output>
          </reporter-output>
        </test-method> <!-- runScenario -->
        <test-method signature="runScenario(io.cucumber.testng.PickleWrapper,io.cucumber.testng.FeatureWrapper)[pri:0, instance:cucumber.framework.runner.jcadmin.JCAdminRunner@1a677343]" started-at="2022-10-10T19:33:38 ICT" name="runScenario" description="Runs Cucumber Scenarios" data-provider="scenarios" finished-at="2022-10-10T19:33:42 ICT" duration-ms="3724" status="PASS">
          <params>
            <param index="0">
              <value>
                <![CDATA["Menambah daftar negative testimonial panjang karakter active"]]>
              </value>
            </param>
            <param index="1">
              <value>
                <![CDATA["Tambah Testimonial Negative"]]>
              </value>
            </param>
          </params>
          <reporter-output>
          </reporter-output>
        </test-method> <!-- runScenario -->
        <test-method signature="runScenario(io.cucumber.testng.PickleWrapper,io.cucumber.testng.FeatureWrapper)[pri:0, instance:cucumber.framework.runner.jcadmin.JCAdminRunner@1a677343]" started-at="2022-10-10T19:33:42 ICT" name="runScenario" description="Runs Cucumber Scenarios" data-provider="scenarios" finished-at="2022-10-10T19:33:46 ICT" duration-ms="3906" status="PASS">
          <params>
            <param index="0">
              <value>
                <![CDATA["Menambah daftar negative testimonial panjang karakter active"]]>
              </value>
            </param>
            <param index="1">
              <value>
                <![CDATA["Tambah Testimonial Negative"]]>
              </value>
            </param>
          </params>
          <reporter-output>
          </reporter-output>
        </test-method> <!-- runScenario -->
        <test-method signature="runScenario(io.cucumber.testng.PickleWrapper,io.cucumber.testng.FeatureWrapper)[pri:0, instance:cucumber.framework.runner.jcadmin.JCAdminRunner@1a677343]" started-at="2022-10-10T19:33:46 ICT" name="runScenario" description="Runs Cucumber Scenarios" data-provider="scenarios" finished-at="2022-10-10T19:33:50 ICT" duration-ms="3906" status="PASS">
          <params>
            <param index="0">
              <value>
                <![CDATA["Menambah daftar negative testimonial panjang karakter active"]]>
              </value>
            </param>
            <param index="1">
              <value>
                <![CDATA["Tambah Testimonial Negative"]]>
              </value>
            </param>
          </params>
          <reporter-output>
          </reporter-output>
        </test-method> <!-- runScenario -->
        <test-method signature="runScenario(io.cucumber.testng.PickleWrapper,io.cucumber.testng.FeatureWrapper)[pri:0, instance:cucumber.framework.runner.jcadmin.JCAdminRunner@1a677343]" started-at="2022-10-10T19:33:50 ICT" name="runScenario" description="Runs Cucumber Scenarios" data-provider="scenarios" finished-at="2022-10-10T19:33:54 ICT" duration-ms="3640" status="PASS">
          <params>
            <param index="0">
              <value>
                <![CDATA["Menambah daftar negative testimonial panjang karakter active"]]>
              </value>
            </param>
            <param index="1">
              <value>
                <![CDATA["Tambah Testimonial Negative"]]>
              </value>
            </param>
          </params>
          <reporter-output>
          </reporter-output>
        </test-method> <!-- runScenario -->
        <test-method signature="runScenario(io.cucumber.testng.PickleWrapper,io.cucumber.testng.FeatureWrapper)[pri:0, instance:cucumber.framework.runner.jcadmin.JCAdminRunner@1a677343]" started-at="2022-10-10T19:33:54 ICT" name="runScenario" description="Runs Cucumber Scenarios" data-provider="scenarios" finished-at="2022-10-10T19:33:59 ICT" duration-ms="5487" status="PASS">
          <params>
            <param index="0">
              <value>
                <![CDATA["Menambah daftar negative testimonial panjang karakter active"]]>
              </value>
            </param>
            <param index="1">
              <value>
                <![CDATA["Tambah Testimonial Negative"]]>
              </value>
            </param>
          </params>
          <reporter-output>
          </reporter-output>
        </test-method> <!-- runScenario -->
        <test-method signature="runScenario(io.cucumber.testng.PickleWrapper,io.cucumber.testng.FeatureWrapper)[pri:0, instance:cucumber.framework.runner.jcadmin.JCAdminRunner@1a677343]" started-at="2022-10-10T19:33:59 ICT" name="runScenario" description="Runs Cucumber Scenarios" data-provider="scenarios" finished-at="2022-10-10T19:34:04 ICT" duration-ms="5337" status="PASS">
          <params>
            <param index="0">
              <value>
                <![CDATA["Menambah daftar negative testimonial panjang karakter active"]]>
              </value>
            </param>
            <param index="1">
              <value>
                <![CDATA["Tambah Testimonial Negative"]]>
              </value>
            </param>
          </params>
          <reporter-output>
          </reporter-output>
        </test-method> <!-- runScenario -->
        <test-method signature="runScenario(io.cucumber.testng.PickleWrapper,io.cucumber.testng.FeatureWrapper)[pri:0, instance:cucumber.framework.runner.jcadmin.JCAdminRunner@1a677343]" started-at="2022-10-10T19:34:04 ICT" name="runScenario" description="Runs Cucumber Scenarios" data-provider="scenarios" finished-at="2022-10-10T19:34:08 ICT" duration-ms="3816" status="PASS">
          <params>
            <param index="0">
              <value>
                <![CDATA["Menambah data negative testimonial karakter no active"]]>
              </value>
            </param>
            <param index="1">
              <value>
                <![CDATA["Tambah Testimonial Negative"]]>
              </value>
            </param>
          </params>
          <reporter-output>
          </reporter-output>
        </test-method> <!-- runScenario -->
        <test-method signature="runScenario(io.cucumber.testng.PickleWrapper,io.cucumber.testng.FeatureWrapper)[pri:0, instance:cucumber.framework.runner.jcadmin.JCAdminRunner@1a677343]" started-at="2022-10-10T19:34:08 ICT" name="runScenario" description="Runs Cucumber Scenarios" data-provider="scenarios" finished-at="2022-10-10T19:34:12 ICT" duration-ms="3777" status="PASS">
          <params>
            <param index="0">
              <value>
                <![CDATA["Menambah data negative testimonial karakter no active"]]>
              </value>
            </param>
            <param index="1">
              <value>
                <![CDATA["Tambah Testimonial Negative"]]>
              </value>
            </param>
          </params>
          <reporter-output>
          </reporter-output>
        </test-method> <!-- runScenario -->
        <test-method signature="runScenario(io.cucumber.testng.PickleWrapper,io.cucumber.testng.FeatureWrapper)[pri:0, instance:cucumber.framework.runner.jcadmin.JCAdminRunner@1a677343]" started-at="2022-10-10T19:34:12 ICT" name="runScenario" description="Runs Cucumber Scenarios" data-provider="scenarios" finished-at="2022-10-10T19:34:17 ICT" duration-ms="4705" status="PASS">
          <params>
            <param index="0">
              <value>
                <![CDATA["Menambah data negative testimonial karakter no active"]]>
              </value>
            </param>
            <param index="1">
              <value>
                <![CDATA["Tambah Testimonial Negative"]]>
              </value>
            </param>
          </params>
          <reporter-output>
          </reporter-output>
        </test-method> <!-- runScenario -->
        <test-method signature="runScenario(io.cucumber.testng.PickleWrapper,io.cucumber.testng.FeatureWrapper)[pri:0, instance:cucumber.framework.runner.jcadmin.JCAdminRunner@1a677343]" started-at="2022-10-10T19:34:17 ICT" name="runScenario" description="Runs Cucumber Scenarios" data-provider="scenarios" finished-at="2022-10-10T19:34:21 ICT" duration-ms="3968" status="PASS">
          <params>
            <param index="0">
              <value>
                <![CDATA["Menambah data negative testimonial karakter no active"]]>
              </value>
            </param>
            <param index="1">
              <value>
                <![CDATA["Tambah Testimonial Negative"]]>
              </value>
            </param>
          </params>
          <reporter-output>
          </reporter-output>
        </test-method> <!-- runScenario -->
        <test-method signature="runScenario(io.cucumber.testng.PickleWrapper,io.cucumber.testng.FeatureWrapper)[pri:0, instance:cucumber.framework.runner.jcadmin.JCAdminRunner@1a677343]" started-at="2022-10-10T19:34:21 ICT" name="runScenario" description="Runs Cucumber Scenarios" data-provider="scenarios" finished-at="2022-10-10T19:34:25 ICT" duration-ms="3941" status="PASS">
          <params>
            <param index="0">
              <value>
                <![CDATA["Menambah data negative testimonial karakter no active"]]>
              </value>
            </param>
            <param index="1">
              <value>
                <![CDATA["Tambah Testimonial Negative"]]>
              </value>
            </param>
          </params>
          <reporter-output>
          </reporter-output>
        </test-method> <!-- runScenario -->
        <test-method signature="runScenario(io.cucumber.testng.PickleWrapper,io.cucumber.testng.FeatureWrapper)[pri:0, instance:cucumber.framework.runner.jcadmin.JCAdminRunner@1a677343]" started-at="2022-10-10T19:34:25 ICT" name="runScenario" description="Runs Cucumber Scenarios" data-provider="scenarios" finished-at="2022-10-10T19:34:29 ICT" duration-ms="4209" status="PASS">
          <params>
            <param index="0">
              <value>
                <![CDATA["Menambah data negative testimonial karakter no active"]]>
              </value>
            </param>
            <param index="1">
              <value>
                <![CDATA["Tambah Testimonial Negative"]]>
              </value>
            </param>
          </params>
          <reporter-output>
          </reporter-output>
        </test-method> <!-- runScenario -->
        <test-method signature="runScenario(io.cucumber.testng.PickleWrapper,io.cucumber.testng.FeatureWrapper)[pri:0, instance:cucumber.framework.runner.jcadmin.JCAdminRunner@1a677343]" started-at="2022-10-10T19:34:29 ICT" name="runScenario" description="Runs Cucumber Scenarios" data-provider="scenarios" finished-at="2022-10-10T19:34:32 ICT" duration-ms="3299" status="PASS">
          <params>
            <param index="0">
              <value>
                <![CDATA["Menambah daftar negative testimonial nama kecuali active"]]>
              </value>
            </param>
            <param index="1">
              <value>
                <![CDATA["Tambah Testimonial Negative"]]>
              </value>
            </param>
          </params>
          <reporter-output>
          </reporter-output>
        </test-method> <!-- runScenario -->
        <test-method signature="runScenario(io.cucumber.testng.PickleWrapper,io.cucumber.testng.FeatureWrapper)[pri:0, instance:cucumber.framework.runner.jcadmin.JCAdminRunner@1a677343]" started-at="2022-10-10T19:34:32 ICT" name="runScenario" description="Runs Cucumber Scenarios" data-provider="scenarios" finished-at="2022-10-10T19:34:35 ICT" duration-ms="3296" status="PASS">
          <params>
            <param index="0">
              <value>
                <![CDATA["Menambah daftar negative testimonial nama kecuali active"]]>
              </value>
            </param>
            <param index="1">
              <value>
                <![CDATA["Tambah Testimonial Negative"]]>
              </value>
            </param>
          </params>
          <reporter-output>
          </reporter-output>
        </test-method> <!-- runScenario -->
        <test-method signature="runScenario(io.cucumber.testng.PickleWrapper,io.cucumber.testng.FeatureWrapper)[pri:0, instance:cucumber.framework.runner.jcadmin.JCAdminRunner@1a677343]" started-at="2022-10-10T19:34:35 ICT" name="runScenario" description="Runs Cucumber Scenarios" data-provider="scenarios" finished-at="2022-10-10T19:34:40 ICT" duration-ms="4188" status="PASS">
          <params>
            <param index="0">
              <value>
                <![CDATA["Menambah daftar negative testimonial nama kecuali active"]]>
              </value>
            </param>
            <param index="1">
              <value>
                <![CDATA["Tambah Testimonial Negative"]]>
              </value>
            </param>
          </params>
          <reporter-output>
          </reporter-output>
        </test-method> <!-- runScenario -->
        <test-method signature="runScenario(io.cucumber.testng.PickleWrapper,io.cucumber.testng.FeatureWrapper)[pri:0, instance:cucumber.framework.runner.jcadmin.JCAdminRunner@1a677343]" started-at="2022-10-10T19:34:40 ICT" name="runScenario" description="Runs Cucumber Scenarios" data-provider="scenarios" finished-at="2022-10-10T19:34:43 ICT" duration-ms="3274" status="PASS">
          <params>
            <param index="0">
              <value>
                <![CDATA["Menambah daftar negative testimonial nama kecuali active"]]>
              </value>
            </param>
            <param index="1">
              <value>
                <![CDATA["Tambah Testimonial Negative"]]>
              </value>
            </param>
          </params>
          <reporter-output>
          </reporter-output>
        </test-method> <!-- runScenario -->
        <test-method signature="runScenario(io.cucumber.testng.PickleWrapper,io.cucumber.testng.FeatureWrapper)[pri:0, instance:cucumber.framework.runner.jcadmin.JCAdminRunner@1a677343]" started-at="2022-10-10T19:34:43 ICT" name="runScenario" description="Runs Cucumber Scenarios" data-provider="scenarios" finished-at="2022-10-10T19:34:46 ICT" duration-ms="3412" status="PASS">
          <params>
            <param index="0">
              <value>
                <![CDATA["Menambah daftar negative testimonial nama kecuali active"]]>
              </value>
            </param>
            <param index="1">
              <value>
                <![CDATA["Tambah Testimonial Negative"]]>
              </value>
            </param>
[...]
at org.openqa.selenium.remote.RemoteWebElement.execute(RemoteWebElement.java:257)
at org.openqa.selenium.remote.RemoteWebElement.click(RemoteWebElement.java:78)
at jdk.internal.reflect.GeneratedMethodAccessor114.invoke(Unknown Source)
at java.base/jdk.internal.reflect.DelegatingMethodAccessorImpl.invoke(DelegatingMethodAccessorImpl.java:43)
at java.base/java.lang.reflect.Method.invoke(Method.java:568)
at org.openqa.selenium.support.pagefactory.internal.LocatingElementHandler.invoke(LocatingElementHandler.java:52)
at jdk.proxy2/jdk.proxy2.$Proxy32.click(Unknown Source)
at cucumber.framework.page.jcadmin.JCAdminTestimonial.cekListTestimonial(JCAdminTestimonial.java:123)
at cucumber.framework.runner.jcadmin.JCListTestimonialImpl.te001p_admin_scroll_page_dan_klik_button_halaman(JCListTestimonialImpl.java:40)
at ?.TE001P Admin scroll page dan klik button halaman(file:///C:/Users/NEXSOFT/Documents/lmsJuaraKoding/workspaces/workspaceTA/INTEGRATION-BOIM-NICO-NISA_V2/src/main/resources/jcadmin/002Testimonial008ListTestimonial.feature:5)
]]>
            </full-stacktrace>
          </exception> <!-- org.openqa.selenium.ElementClickInterceptedException -->
          <reporter-output>
          </reporter-output>
        </test-method> <!-- runScenario -->
        <test-method signature="runScenario(io.cucumber.testng.PickleWrapper,io.cucumber.testng.FeatureWrapper)[pri:0, instance:cucumber.framework.runner.jcadmin.JCAdminRunner@1a677343]" started-at="2022-10-10T19:39:52 ICT" name="runScenario" description="Runs Cucumber Scenarios" data-provider="scenarios" finished-at="2022-10-10T19:39:55 ICT" duration-ms="2895" status="FAIL">
          <params>
            <param index="0">
              <value>
                <![CDATA["Memindahkan halaman pertama"]]>
              </value>
            </param>
            <param index="1">
              <value>
                <![CDATA["Slide Page Testimonial"]]>
              </value>
            </param>
          </params>
          <exception class="org.openqa.selenium.ElementClickInterceptedException">
            <message>
              <![CDATA[element click intercepted: Element is not clickable at point (1341, 2906)
  (Session info: chrome=105.0.5195.127)
Build info: version: '4.4.0', revision: 'e5c75ed026a'
System info: host: 'DESKTOP-8OTT66F', ip: '192.168.0.11', os.name: 'Windows 10', os.arch: 'amd64', os.version: '10.0', java.version: '17.0.4.1'
Driver info: org.openqa.selenium.chrome.ChromeDriver
Command: [43a9da790924b1d9be4ba08d8d019bb6, clickElement {id=024318d2-bfc1-4c54-a505-9652d26c9d86}]
Capabilities {acceptInsecureCerts: false, browserName: chrome, browserVersion: 105.0.5195.127, chrome: {chromedriverVersion: 105.0.5195.52 (412c95e51883..., userDataDir: C:\Users\NEXSOFT\AppData\Lo...}, goog:chromeOptions: {debuggerAddress: localhost:50652}, networkConnectionEnabled: false, pageLoadStrategy: normal, platformName: WINDOWS, proxy: Proxy(), se:cdp: ws://localhost:50652/devtoo..., se:cdpVersion: 105.0.5195.127, setWindowRect: true, strictFileInteractability: false, timeouts: {implicit: 0, pageLoad: 300000, script: 30000}, unhandledPromptBehavior: dismiss and notify, webauthn:extension:credBlob: true, webauthn:extension:largeBlob: true, webauthn:virtualAuthenticators: true}
Element: [[ChromeDriver: chrome on WINDOWS (43a9da790924b1d9be4ba08d8d019bb6)] -> xpath: //a[normalize-space()='2']]
Session ID: 43a9da790924b1d9be4ba08d8d019bb6]]>
            </message>
            <full-stacktrace>
              <![CDATA[org.openqa.selenium.ElementClickInterceptedException: element click intercepted: Element is not clickable at point (1341, 2906)
  (Session info: chrome=105.0.5195.127)
Build info: version: '4.4.0', revision: 'e5c75ed026a'
System info: host: 'DESKTOP-8OTT66F', ip: '192.168.0.11', os.name: 'Windows 10', os.arch: 'amd64', os.version: '10.0', java.version: '17.0.4.1'
Driver info: org.openqa.selenium.chrome.ChromeDriver
Command: [43a9da790924b1d9be4ba08d8d019bb6, clickElement {id=024318d2-bfc1-4c54-a505-9652d26c9d86}]
Capabilities {acceptInsecureCerts: false, browserName: chrome, browserVersion: 105.0.5195.127, chrome: {chromedriverVersion: 105.0.5195.52 (412c95e51883..., userDataDir: C:\Users\NEXSOFT\AppData\Lo...}, goog:chromeOptions: {debuggerAddress: localhost:50652}, networkConnectionEnabled: false, pageLoadStrategy: normal, platformName: WINDOWS, proxy: Proxy(), se:cdp: ws://localhost:50652/devtoo..., se:cdpVersion: 105.0.5195.127, setWindowRect: true, strictFileInteractability: false, timeouts: {implicit: 0, pageLoad: 300000, script: 30000}, unhandledPromptBehavior: dismiss and notify, webauthn:extension:credBlob: true, webauthn:extension:largeBlob: true, webauthn:virtualAuthenticators: true}
Element: [[ChromeDriver: chrome on WINDOWS (43a9da790924b1d9be4ba08d8d019bb6)] -> xpath: //a[normalize-space()='2']]
Session ID: 43a9da790924b1d9be4ba08d8d019bb6
at jdk.internal.reflect.GeneratedConstructorAccessor26.newInstance(Unknown Source)
at java.base/jdk.internal.reflect.DelegatingConstructorAccessorImpl.newInstance(DelegatingConstructorAccessorImpl.java:45)
at java.base/java.lang.reflect.Constructor.newInstanceWithCaller(Constructor.java:499)
at java.base/java.lang.reflect.Constructor.newInstance(Constructor.java:480)
at org.openqa.selenium.remote.codec.w3c.W3CHttpResponseCodec.createException(W3CHttpResponseCodec.java:200)
at org.openqa.selenium.remote.codec.w3c.W3CHttpResponseCodec.decode(W3CHttpResponseCodec.java:133)
at org.openqa.selenium.remote.codec.w3c.W3CHttpResponseCodec.decode(W3CHttpResponseCodec.java:53)
at org.openqa.selenium.remote.HttpCommandExecutor.execute(HttpCommandExecutor.java:184)
at org.openqa.selenium.remote.service.DriverCommandExecutor.invokeExecute(DriverCommandExecutor.java:167)
at org.openqa.selenium.remote.service.DriverCommandExecutor.execute(DriverCommandExecutor.java:142)
at org.openqa.selenium.remote.RemoteWebDriver.execute(RemoteWebDriver.java:547)
at org.openqa.selenium.remote.RemoteWebElement.execute(RemoteWebElement.java:257)
at org.openqa.selenium.remote.RemoteWebElement.click(RemoteWebElement.java:78)
at jdk.internal.reflect.GeneratedMethodAccessor114.invoke(Unknown Source)
at java.base/jdk.internal.reflect.DelegatingMethodAccessorImpl.invoke(DelegatingMethodAccessorImpl.java:43)
at java.base/java.lang.reflect.Method.invoke(Method.java:568)
at org.openqa.selenium.support.pagefactory.internal.LocatingElementHandler.invoke(LocatingElementHandler.java:52)
at jdk.proxy2/jdk.proxy2.$Proxy32.click(Unknown Source)
at cucumber.framework.page.jcadmin.JCAdminTestimonial.slidePageTestimonialPertama(JCAdminTestimonial.java:153)
at cucumber.framework.runner.jcadmin.JCSlidePageTestimonialImpl.te002p_admin_scroll_page_dan_klik_button_halaman_pertama_ke_kedua(JCSlidePageTestimonialImpl.java:41)
at ?.TE002P Admin scroll page dan klik button halaman pertama ke kedua(file:///C:/Users/NEXSOFT/Documents/lmsJuaraKoding/workspaces/workspaceTA/INTEGRATION-BOIM-NICO-NISA_V2/src/main/resources/jcadmin/002Testimonial009SlidePageTestimonial.feature:7)
]]>
            </full-stacktrace>
          </exception> <!-- org.openqa.selenium.ElementClickInterceptedException -->
          <reporter-output>
          </reporter-output>
        </test-method> <!-- runScenario -->
        <test-method signature="runScenario(io.cucumber.testng.PickleWrapper,io.cucumber.testng.FeatureWrapper)[pri:0, instance:cucumber.framework.runner.jcadmin.JCAdminRunner@1a677343]" started-at="2022-10-10T19:39:55 ICT" name="runScenario" description="Runs Cucumber Scenarios" data-provider="scenarios" finished-at="2022-10-10T19:39:58 ICT" duration-ms="2902" status="FAIL">
          <params>
            <param index="0">
              <value>
                <![CDATA["Memindahkan halaman kedua"]]>
              </value>
            </param>
            <param index="1">
              <value>
                <![CDATA["Slide Page Testimonial"]]>
              </value>
            </param>
          </params>
          <exception class="org.openqa.selenium.ElementClickInterceptedException">
            <message>
              <![CDATA[element click intercepted: Element is not clickable at point (1375, 2929)
  (Session info: chrome=105.0.5195.127)
Build info: version: '4.4.0', revision: 'e5c75ed026a'
System info: host: 'DESKTOP-8OTT66F', ip: '192.168.0.11', os.name: 'Windows 10', os.arch: 'amd64', os.version: '10.0', java.version: '17.0.4.1'
Driver info: org.openqa.selenium.chrome.ChromeDriver
Command: [43a9da790924b1d9be4ba08d8d019bb6, clickElement {id=1330e207-385c-4a20-bff3-c481a613a341}]
Capabilities {acceptInsecureCerts: false, browserName: chrome, browserVersion: 105.0.5195.127, chrome: {chromedriverVersion: 105.0.5195.52 (412c95e51883..., userDataDir: C:\Users\NEXSOFT\AppData\Lo...}, goog:chromeOptions: {debuggerAddress: localhost:50652}, networkConnectionEnabled: false, pageLoadStrategy: normal, platformName: WINDOWS, proxy: Proxy(), se:cdp: ws://localhost:50652/devtoo..., se:cdpVersion: 105.0.5195.127, setWindowRect: true, strictFileInteractability: false, timeouts: {implicit: 0, pageLoad: 300000, script: 30000}, unhandledPromptBehavior: dismiss and notify, webauthn:extension:credBlob: true, webauthn:extension:largeBlob: true, webauthn:virtualAuthenticators: true}
Element: [[ChromeDriver: chrome on WINDOWS (43a9da790924b1d9be4ba08d8d019bb6)] -> xpath: //a[normalize-space()='3']]
Session ID: 43a9da790924b1d9be4ba08d8d019bb6]]>
            </message>
            <full-stacktrace>
              <![CDATA[org.openqa.selenium.ElementClickInterceptedException: element click intercepted: Element is not clickable at point (1375, 2929)
  (Session info: chrome=105.0.5195.127)
Build info: version: '4.4.0', revision: 'e5c75ed026a'
System info: host: 'DESKTOP-8OTT66F', ip: '192.168.0.11', os.name: 'Windows 10', os.arch: 'amd64', os.version: '10.0', java.version: '17.0.4.1'
Driver info: org.openqa.selenium.chrome.ChromeDriver
Command: [43a9da790924b1d9be4ba08d8d019bb6, clickElement {id=1330e207-385c-4a20-bff3-c481a613a341}]
Capabilities {acceptInsecureCerts: false, browserName: chrome, browserVersion: 105.0.5195.127, chrome: {chromedriverVersion: 105.0.5195.52 (412c95e51883..., userDataDir: C:\Users\NEXSOFT\AppData\Lo...}, goog:chromeOptions: {debuggerAddress: localhost:50652}, networkConnectionEnabled: false, pageLoadStrategy: normal, platformName: WINDOWS, proxy: Proxy(), se:cdp: ws://localhost:50652/devtoo..., se:cdpVersion: 105.0.5195.127, setWindowRect: true, strictFileInteractability: false, timeouts: {implicit: 0, pageLoad: 300000, script: 30000}, unhandledPromptBehavior: dismiss and notify, webauthn:extension:credBlob: true, webauthn:extension:largeBlob: true, webauthn:virtualAuthenticators: true}
Element: [[ChromeDriver: chrome on WINDOWS (43a9da790924b1d9be4ba08d8d019bb6)] -> xpath: //a[normalize-space()='3']]
Session ID: 43a9da790924b1d9be4ba08d8d019bb6
at jdk.internal.reflect.GeneratedConstructorAccessor26.newInstance(Unknown Source)
at java.base/jdk.internal.reflect.DelegatingConstructorAccessorImpl.newInstance(DelegatingConstructorAccessorImpl.java:45)
at java.base/java.lang.reflect.Constructor.newInstanceWithCaller(Constructor.java:499)
at java.base/java.lang.reflect.Constructor.newInstance(Constructor.java:480)
at org.openqa.selenium.remote.codec.w3c.W3CHttpResponseCodec.createException(W3CHttpResponseCodec.java:200)
at org.openqa.selenium.remote.codec.w3c.W3CHttpResponseCodec.decode(W3CHttpResponseCodec.java:133)
at org.openqa.selenium.remote.codec.w3c.W3CHttpResponseCodec.decode(W3CHttpResponseCodec.java:53)
at org.openqa.selenium.remote.HttpCommandExecutor.execute(HttpCommandExecutor.java:184)
at org.openqa.selenium.remote.service.DriverCommandExecutor.invokeExecute(DriverCommandExecutor.java:167)
at org.openqa.selenium.remote.service.DriverCommandExecutor.execute(DriverCommandExecutor.java:142)
at org.openqa.selenium.remote.RemoteWebDriver.execute(RemoteWebDriver.java:547)
at org.openqa.selenium.remote.RemoteWebElement.execute(RemoteWebElement.java:257)
at org.openqa.selenium.remote.RemoteWebElement.click(RemoteWebElement.java:78)
at jdk.internal.reflect.GeneratedMethodAccessor114.invoke(Unknown Source)
at java.base/jdk.internal.reflect.DelegatingMethodAccessorImpl.invoke(DelegatingMethodAccessorImpl.java:43)
at java.base/java.lang.reflect.Method.invoke(Method.java:568)
at org.openqa.selenium.support.pagefactory.internal.LocatingElementHandler.invoke(LocatingElementHandler.java:52)
at jdk.proxy2/jdk.proxy2.$Proxy32.click(Unknown Source)
at cucumber.framework.page.jcadmin.JCAdminTestimonial.slidePageTestimonialKedua(JCAdminTestimonial.java:167)
at cucumber.framework.runner.jcadmin.JCSlidePageTestimonialImpl.te003p_admin_full_scroll_dan_klik_tombol_halaman_satu_ke_ketiga(JCSlidePageTestimonialImpl.java:55)
at ?.TE003P Admin full scroll dan klik tombol halaman satu ke ketiga(file:///C:/Users/NEXSOFT/Documents/lmsJuaraKoding/workspaces/workspaceTA/INTEGRATION-BOIM-NICO-NISA_V2/src/main/resources/jcadmin/002Testimonial009SlidePageTestimonial.feature:11)
]]>
            </full-stacktrace>
          </exception> <!-- org.openqa.selenium.ElementClickInterceptedException -->
          <reporter-output>
          </reporter-output>
        </test-method> <!-- runScenario -->
        <test-method signature="runScenario(io.cucumber.testng.PickleWrapper,io.cucumber.testng.FeatureWrapper)[pri:0, instance:cucumber.framework.runner.jcadmin.JCAdminRunner@1a677343]" started-at="2022-10-10T19:39:58 ICT" name="runScenario" description="Runs Cucumber Scenarios" data-provider="scenarios" finished-at="2022-10-10T19:40:01 ICT" duration-ms="2844" status="FAIL">
          <params>
            <param index="0">
              <value>
                <![CDATA["Memindahkan halaman ketiga"]]>
              </value>
            </param>
            <param index="1">
              <value>
                <![CDATA["Slide Page Testimonial"]]>
              </value>
            </param>
          </params>
          <exception class="org.openqa.selenium.ElementClickInterceptedException">
            <message>
              <![CDATA[element click intercepted: Element is not clickable at point (1410, 2906)
  (Session info: chrome=105.0.5195.127)
Build info: version: '4.4.0', revision: 'e5c75ed026a'
System info: host: 'DESKTOP-8OTT66F', ip: '192.168.0.11', os.name: 'Windows 10', os.arch: 'amd64', os.version: '10.0', java.version: '17.0.4.1'
Driver info: org.openqa.selenium.chrome.ChromeDriver
Command: [43a9da790924b1d9be4ba08d8d019bb6, clickElement {id=f1eb30cf-4858-46ff-bc32-6837187716b2}]
Capabilities {acceptInsecureCerts: false, browserName: chrome, browserVersion: 105.0.5195.127, chrome: {chromedriverVersion: 105.0.5195.52 (412c95e51883..., userDataDir: C:\Users\NEXSOFT\AppData\Lo...}, goog:chromeOptions: {debuggerAddress: localhost:50652}, networkConnectionEnabled: false, pageLoadStrategy: normal, platformName: WINDOWS, proxy: Proxy(), se:cdp: ws://localhost:50652/devtoo..., se:cdpVersion: 105.0.5195.127, setWindowRect: true, strictFileInteractability: false, timeouts: {implicit: 0, pageLoad: 300000, script: 30000}, unhandledPromptBehavior: dismiss and notify, webauthn:extension:credBlob: true, webauthn:extension:largeBlob: true, webauthn:virtualAuthenticators: true}
Element: [[ChromeDriver: chrome on WINDOWS (43a9da790924b1d9be4ba08d8d019bb6)] -> xpath: //a[@aria-label='Next']]
Session ID: 43a9da790924b1d9be4ba08d8d019bb6]]>
            </message>
            <full-stacktrace>
              <![CDATA[org.openqa.selenium.ElementClickInterceptedException: element click intercepted: Element is not clickable at point (1410, 2906)
  (Session info: chrome=105.0.5195.127)
Build info: version: '4.4.0', revision: 'e5c75ed026a'
System info: host: 'DESKTOP-8OTT66F', ip: '192.168.0.11', os.name: 'Windows 10', os.arch: 'amd64', os.version: '10.0', java.version: '17.0.4.1'
Driver info: org.openqa.selenium.chrome.ChromeDriver
Command: [43a9da790924b1d9be4ba08d8d019bb6, clickElement {id=f1eb30cf-4858-46ff-bc32-6837187716b2}]
Capabilities {acceptInsecureCerts: false, browserName: chrome, browserVersion: 105.0.5195.127, chrome: {chromedriverVersion: 105.0.5195.52 (412c95e51883..., userDataDir: C:\Users\NEXSOFT\AppData\Lo...}, goog:chromeOptions: {debuggerAddress: localhost:50652}, networkConnectionEnabled: false, pageLoadStrategy: normal, platformName: WINDOWS, proxy: Proxy(), se:cdp: ws://localhost:50652/devtoo..., se:cdpVersion: 105.0.5195.127, setWindowRect: true, strictFileInteractability: false, timeouts: {implicit: 0, pageLoad: 300000, script: 30000}, unhandledPromptBehavior: dismiss and notify, webauthn:extension:credBlob: true, webauthn:extension:largeBlob: true, webauthn:virtualAuthenticators: true}
Element: [[ChromeDriver: chrome on WINDOWS (43a9da790924b1d9be4ba08d8d019bb6)] -> xpath: //a[@aria-label='Next']]
Session ID: 43a9da790924b1d9be4ba08d8d019bb6
at jdk.internal.reflect.GeneratedConstructorAccessor26.newInstance(Unknown Source)
at java.base/jdk.internal.reflect.DelegatingConstructorAccessorImpl.newInstance(DelegatingConstructorAccessorImpl.java:45)
at java.base/java.lang.reflect.Constructor.newInstanceWithCaller(Constructor.java:499)
at java.base/java.lang.reflect.Constructor.newInstance(Constructor.java:480)
at org.openqa.selenium.remote.codec.w3c.W3CHttpResponseCodec.createException(W3CHttpResponseCodec.java:200)
at org.openqa.selenium.remote.codec.w3c.W3CHttpResponseCodec.decode(W3CHttpResponseCodec.java:133)
at org.openqa.selenium.remote.codec.w3c.W3CHttpResponseCodec.decode(W3CHttpResponseCodec.java:53)
at org.openqa.selenium.remote.HttpCommandExecutor.execute(HttpCommandExecutor.java:184)
at org.openqa.selenium.remote.service.DriverCommandExecutor.invokeExecute(DriverCommandExecutor.java:167)
at org.openqa.selenium.remote.service.DriverCommandExecutor.execute(DriverCommandExecutor.java:142)
at org.openqa.selenium.remote.RemoteWebDriver.execute(RemoteWebDriver.java:547)
at org.openqa.selenium.remote.RemoteWebElement.execute(RemoteWebElement.java:257)
at org.openqa.selenium.remote.RemoteWebElement.click(RemoteWebElement.java:78)
at jdk.internal.reflect.GeneratedMethodAccessor114.invoke(Unknown Source)
at java.base/jdk.internal.reflect.DelegatingMethodAccessorImpl.invoke(DelegatingMethodAccessorImpl.java:43)
at java.base/java.lang.reflect.Method.invoke(Method.java:568)
at org.openqa.selenium.support.pagefactory.internal.LocatingElementHandler.invoke(LocatingElementHandler.java:52)
at jdk.proxy2/jdk.proxy2.$Proxy32.click(Unknown Source)
at cucumber.framework.page.jcadmin.JCAdminTestimonial.slidePageTestimonialKetiga(JCAdminTestimonial.java:181)
at cucumber.framework.runner.jcadmin.JCSlidePageTestimonialImpl.te004p_admin_scroll_page_full_dan_klik_tombol_halaman_pertama_ke_next(JCSlidePageTestimonialImpl.java:69)
at ?.TE004P Admin scroll page full dan klik tombol halaman pertama ke next(file:///C:/Users/NEXSOFT/Documents/lmsJuaraKoding/workspaces/workspaceTA/INTEGRATION-BOIM-NICO-NISA_V2/src/main/resources/jcadmin/002Testimonial009SlidePageTestimonial.feature:15)
]]>
            </full-stacktrace>
          </exception> <!-- org.openqa.selenium.ElementClickInterceptedException -->
          <reporter-output>
          </reporter-output>
        </test-method> <!-- runScenario -->
        <test-method is-config="true" signature="tearDownClass()[pri:0, instance:cucumber.framework.runner.jcadmin.JCAdminRunner@1a677343]" started-at="2022-10-10T19:40:01 ICT" name="tearDownClass" finished-at="2022-10-10T19:40:03 ICT" duration-ms="2440" status="PASS">
          <reporter-output>
          </reporter-output>
        </test-method> <!-- tearDownClass -->
      </class> <!-- cucumber.framework.runner.jcadmin.JCAdminRunner -->
    </test> <!-- Default test -->
  </suite> <!-- Default suite -->
</testng-results>
